[
  {
    "level_": 0,
    "message_": "android.ndkVersion from module build.gradle is [28.2.13676358]",
    "file_": "",
    "tag_": "",
    "diagnosticCode_": 0,
    "memoizedIsInitialized": 1,
    "unknownFields": {
      "fields": {}
    },
    "memoizedSize": -1,
    "memoizedHashCode": 0
  },
  {
    "level_": 0,
    "message_": "android.ndkPath from module build.gradle is not set",
    "file_": "",
    "tag_": "",
    "diagnosticCode_": 0,
    "memoizedIsInitialized": 1,
    "unknownFields": {
      "fields": {}
    },
    "memoizedSize": -1,
    "memoizedHashCode": 0
  },
  {
    "level_": 0,
    "message_": "ndk.dir in local.properties is not set",
    "file_": "",
    "tag_": "",
    "diagnosticCode_": 0,
    "memoizedIsInitialized": 1,
    "unknownFields": {
      "fields": {}
    },
    "memoizedSize": -1,
    "memoizedHashCode": 0
  },
  {
    "level_": 0,
    "message_": "Not considering ANDROID_NDK_HOME because support was removed after deprecation period.",
    "file_": "",
    "tag_": "",
    "diagnosticCode_": 0,
    "memoizedIsInitialized": 1,
    "unknownFields": {
      "fields": {}
    },
    "memoizedSize": -1,
    "memoizedHashCode": 0
  },
  {
    "level_": 0,
    "message_": "sdkFolder is /opt/android-sdk-linux",
    "file_": "",
    "tag_": "",
    "diagnosticCode_": 0,
    "memoizedIsInitialized": 1,
    "unknownFields": {
      "fields": {}
    },
    "memoizedSize": -1,
    "memoizedHashCode": 0
  },
  {
    "level_": 0,
    "message_": "NDK side-by-side folder from sdkFolder /opt/android-sdk-linux/ndk does not exist",
    "file_": "",
    "tag_": "",
    "diagnosticCode_": 0,
    "memoizedIsInitialized": 1,
    "unknownFields": {
      "fields": {}
    },
    "memoizedSize": -1,
    "memoizedHashCode": 0
  },
  {
    "level_": 0,
    "message_": "Folder /opt/android-sdk-linux/ndk/28.2.13676358 does not exist. Ignoring.",
    "file_": "",
    "tag_": "",
    "diagnosticCode_": 0,
    "memoizedIsInitialized": 1,
    "unknownFields": {
      "fields": {}
    },
    "memoizedSize": -1,
    "memoizedHashCode": 0
  },
  {
    "level_": 0,
    "message_": "Folder /opt/android-sdk-linux/ndk-bundle does not exist. Ignoring.",
    "file_": "",
    "tag_": "",
    "diagnosticCode_": 0,
    "memoizedIsInitialized": 1,
    "unknownFields": {
      "fields": {}
    },
    "memoizedSize": -1,
    "memoizedHashCode": 0
  },
  {
    "level_": 0,
    "message_": "No NDK was found. Trying to download it now.",
    "file_": "",
    "tag_": "",
    "diagnosticCode_": 0,
    "memoizedIsInitialized": 1,
    "unknownFields": {
      "fields": {}
    },
    "memoizedSize": -1,
    "memoizedHashCode": 0
  },
  {
    "level_": 0,
    "message_": "NDK 28.2.13676358 was downloaded to /opt/android-sdk-linux/ndk/28.2.13676358. Using that.",
    "file_": "",
    "tag_": "",
    "diagnosticCode_": 0,
    "memoizedIsInitialized": 1,
    "unknownFields": {
      "fields": {}
    },
    "memoizedSize": -1,
    "memoizedHashCode": 0
  }
]